Using pre-set license
Built from '2020.3/staging' branch; Version is '2020.3.21f1 (a38c86f6690f) revision 10718342'; Using compiler version '192528614'; Build Type 'Release'
OS: 'Windows 10 Pro; OS build 19042.1237; Version 2009; 64bit' Language: 'ru' Physical Memory: 8189 MB
BatchMode: 1, IsHumanControllingUs: 0, StartBugReporterOnCrash: 0, Is64bit: 1, IsPro: 0

COMMAND LINE ARGUMENTS:
C:\Program Files\Unity\Hub\Editor\2020.3.21f1\Editor\Unity.exe
-adb2
-batchMode
-noUpm
-name
AssetImportWorker0
-projectPath
D:/юнити проект/X0 Pr
-logFile
Logs/AssetImportWorker0.log
-srvPort
51276
Successfully changed project path to: D:/юнити проект/X0 Pr
D:/юнити проект/X0 Pr
Using Asset Import Pipeline V2.
Refreshing native plugins compatible for Editor in 93.80 ms, found 3 plugins.
Preloading 0 native plugins for Editor in 0.00 ms.
Initialize engine version: 2020.3.21f1 (a38c86f6690f)
[Subsystems] Discovering subsystems at path C:/Program Files/Unity/Hub/Editor/2020.3.21f1/Editor/Data/Resources/UnitySubsystems
[Subsystems] Discovering subsystems at path D:/юнити проект/X0 Pr/Assets
GfxDevice: creating device client; threaded=0
Direct3D:
    Version:  Direct3D 11.0 [level 11.1]
    Renderer: NVIDIA GeForce GTX 1050 Ti (ID=0x1c82)
    Vendor:   
    VRAM:     4018 MB
    Driver:   27.21.14.6192
Initialize mono
Mono path[0] = 'C:/Program Files/Unity/Hub/Editor/2020.3.21f1/Editor/Data/Managed'
Mono path[1] = 'C:/Program Files/Unity/Hub/Editor/2020.3.21f1/Editor/Data/MonoBleedingEdge/lib/mono/unityjit'
Mono config path = 'C:/Program Files/Unity/Hub/Editor/2020.3.21f1/Editor/Data/MonoBleedingEdge/etc'
Using monoOptions --debugger-agent=transport=dt_socket,embedding=1,server=y,suspend=n,address=127.0.0.1:56992
Begin MonoManager ReloadAssembly
Registering precompiled unity dll's ...
Register platform support module: C:/Program Files/Unity/Hub/Editor/2020.3.21f1/Editor/Data/PlaybackEngines/WindowsStandaloneSupport/UnityEditor.WindowsStandalone.Extensions.dll
Registered in 0.004619 seconds.
Native extension for WindowsStandalone target not found
Refreshing native plugins compatible for Editor in 83.78 ms, found 3 plugins.
Preloading 0 native plugins for Editor in 0.00 ms.
Mono: successfully reloaded assembly
- Completed reload, in  4.369 seconds
Domain Reload Profiling:
	ReloadAssembly (4370ms)
		BeginReloadAssembly (114ms)
			ExecutionOrderSort (0ms)
			DisableScriptedObjects (0ms)
			BackupInstance (0ms)
			ReleaseScriptingObjects (0ms)
			CreateAndSetChildDomain (2ms)
		EndReloadAssembly (937ms)
			LoadAssemblies (109ms)
			RebuildTransferFunctionScriptingTraits (0ms)
			SetupTypeCache (323ms)
			ReleaseScriptCaches (0ms)
			RebuildScriptCaches (70ms)
			SetupLoadedEditorAssemblies (337ms)
				LogAssemblyErrors (0ms)
				InitializePlatformSupportModulesInManaged (7ms)
				SetLoadedEditorAssemblies (0ms)
				RefreshPlugins (84ms)
				BeforeProcessingInitializeOnLoad (31ms)
				ProcessInitializeOnLoadAttributes (159ms)
				ProcessInitializeOnLoadMethodAttributes (55ms)
				AfterProcessingInitializeOnLoad (0ms)
				EditorAssembliesLoaded (0ms)
			ExecutionOrderSort2 (0ms)
			AwakeInstancesAfterBackupRestoration (0ms)
Platform modules already initialized, skipping
Registering precompiled user dll's ...
Registered in 0.006210 seconds.
Begin MonoManager ReloadAssembly
Native extension for WindowsStandalone target not found
Refreshing native plugins compatible for Editor in 82.38 ms, found 3 plugins.
Preloading 0 native plugins for Editor in 0.00 ms.
Mono: successfully reloaded assembly
- Completed reload, in  2.239 seconds
Domain Reload Profiling:
	ReloadAssembly (2241ms)
		BeginReloadAssembly (290ms)
			ExecutionOrderSort (0ms)
			DisableScriptedObjects (9ms)
			BackupInstance (0ms)
			ReleaseScriptingObjects (0ms)
			CreateAndSetChildDomain (28ms)
		EndReloadAssembly (1830ms)
			LoadAssemblies (185ms)
			RebuildTransferFunctionScriptingTraits (0ms)
			SetupTypeCache (597ms)
			ReleaseScriptCaches (1ms)
			RebuildScriptCaches (109ms)
			SetupLoadedEditorAssemblies (682ms)
				LogAssemblyErrors (0ms)
				InitializePlatformSupportModulesInManaged (7ms)
				SetLoadedEditorAssemblies (0ms)
				RefreshPlugins (82ms)
				BeforeProcessingInitializeOnLoad (149ms)
				ProcessInitializeOnLoadAttributes (398ms)
				ProcessInitializeOnLoadMethodAttributes (30ms)
				AfterProcessingInitializeOnLoad (15ms)
				EditorAssembliesLoaded (0ms)
			ExecutionOrderSort2 (0ms)
			AwakeInstancesAfterBackupRestoration (13ms)
Platform modules already initialized, skipping
========================================================================
Worker process is ready to serve import requests
Launched and connected shader compiler UnityShaderCompiler.exe after 0.12 seconds
Refreshing native plugins compatible for Editor in 1.17 ms, found 3 plugins.
Preloading 0 native plugins for Editor in 0.00 ms.
Unloading 2183 Unused Serialized files (Serialized files now loaded: 0)
System memory in use before: 95.4 MB.
System memory in use after: 95.5 MB.

Unloading 28 unused Assets to reduce memory usage. Loaded Objects now: 2615.
Total: 5.746300 ms (FindLiveObjects: 0.288600 ms CreateObjectMapping: 0.163100 ms MarkObjects: 5.178800 ms  DeleteObjects: 0.113800 ms)

AssetImportParameters requested are different than current active one (requested -> active):
  custom:framework-win-MediaFoundation: 216162199b28c13a410421893ffa2e32 -> 
  custom:video-decoder-ogg-theora: a1e56fd34408186e4bbccfd4996cb3dc -> 
  custom:container-muxer-webm: aa71ff27fc2769a1b78a27578f13a17b -> 
  custom:container-demuxer-webm: 4f35f7cbe854078d1ac9338744f61a02 -> 
  custom:container-demuxer-ogg: 62fdf1f143b41e24485cea50d1cbac27 -> 
  custom:video-encoder-webm-vp8: eb34c28f22e8b96e1ab97ce403110664 -> 
  custom:video-decoder-webm-vp8: 9c59270c3fd7afecdb556c50c9e8de78 -> 
  custom:audio-decoder-ogg-vorbis: bf7c407c2cedff20999df2af8eb42d56 -> 
  custom:audio-encoder-webm-vorbis: bf7c407c2cedff20999df2af8eb42d56 -> 
========================================================================
Received Import Request.
  path: Assets/Scenes
  artifactKey: Guid(219eb875130af404aa05b5653ea99a69) Importer(815301076,1909f56bfc062723c751e8b465ee728b)
Start importing Assets/Scenes using Guid(219eb875130af404aa05b5653ea99a69) Importer(815301076,1909f56bfc062723c751e8b465ee728b)  -> (artifact id: 'd1f52317e9de603a6c30d434fa8e7552') in 0.016036 seconds 
  Import took 0.043713 seconds .

========================================================================
Received Import Request.
  Time since last request: 1028.634817 seconds.
  path: Assets
  artifactKey: Guid(00000000000000001000000000000000) Importer(815301076,1909f56bfc062723c751e8b465ee728b)
Start importing Assets using Guid(00000000000000001000000000000000) Importer(815301076,1909f56bfc062723c751e8b465ee728b)  -> (artifact id: '42d402b061de3733987d63b9cc3b64de') in 0.013907 seconds 
  Import took 0.044716 seconds .

========================================================================
Received Import Request.
  Time since last request: 24.571751 seconds.
  path: Assets/Photo
  artifactKey: Guid(254371e6996f7e746aabb415ac93061d) Importer(815301076,1909f56bfc062723c751e8b465ee728b)
Start importing Assets/Photo using Guid(254371e6996f7e746aabb415ac93061d) Importer(815301076,1909f56bfc062723c751e8b465ee728b)  -> (artifact id: '08930f8ec6f21f08c169a38cdba82730') in 0.013851 seconds 
  Import took 0.033776 seconds .

========================================================================
Received Import Request.
  Time since last request: 5.878192 seconds.
  path: Assets/Photo/246163.png
  artifactKey: Guid(4b2c4dc7c809ab044a534635df23daa4) Importer(815301076,1909f56bfc062723c751e8b465ee728b)
Start importing Assets/Photo/246163.png using Guid(4b2c4dc7c809ab044a534635df23daa4) Importer(815301076,1909f56bfc062723c751e8b465ee728b)  -> (artifact id: '4445c6a18afe83a892806b0a89530526') in 0.230684 seconds 
  Import took 0.257389 seconds .

========================================================================
Received Import Request.
  Time since last request: 2.716487 seconds.
  path: Assets/Photo/Play.png
  artifactKey: Guid(ec000334760e8854781d041f9827848d) Importer(815301076,1909f56bfc062723c751e8b465ee728b)
Start importing Assets/Photo/Play.png using Guid(ec000334760e8854781d041f9827848d) Importer(815301076,1909f56bfc062723c751e8b465ee728b)  -> (artifact id: '7c31db8432d583417e211d489e379aad') in 0.050248 seconds 
  Import took 0.061919 seconds .

========================================================================
Received Import Request.
  Time since last request: 2.181235 seconds.
  path: Assets/Photo/png-transparent-tic-tac-toe-bitmap-computer-icons-bmp-file-format-others-angle-furniture-symmetry.png
  artifactKey: Guid(de56930512925ef4f9a642e6a1da598d) Importer(815301076,1909f56bfc062723c751e8b465ee728b)
Start importing Assets/Photo/png-transparent-tic-tac-toe-bitmap-computer-icons-bmp-file-format-others-angle-furniture-symmetry.png using Guid(de56930512925ef4f9a642e6a1da598d) Importer(815301076,1909f56bfc062723c751e8b465ee728b)  -> (artifact id: 'aae56de0c7a9e54efdc7a0bb4e4f6a9e') in 0.033923 seconds 
  Import took 0.052164 seconds .

========================================================================
Received Import Request.
  Time since last request: 164.132026 seconds.
  path: Assets/Photo/Play.png
  artifactKey: Guid(ec000334760e8854781d041f9827848d) Importer(815301076,1909f56bfc062723c751e8b465ee728b)
Start importing Assets/Photo/Play.png using Guid(ec000334760e8854781d041f9827848d) Importer(815301076,1909f56bfc062723c751e8b465ee728b)  -> (artifact id: 'f93ea6e22931ca626b5bfd0625178926') in 0.033119 seconds 
  Import took 0.042302 seconds .

AssetImportWorkerClient::OnTransportError - code=2 error=End of file
